<?xml version="1.0" encoding="UTF-8"?>
<!-- Generated by org.testng.reporters.JUnitReportReporter -->
<testsuite hostname="SarthakDell" failures="0" tests="2" name="runner.MyRunner_TestNG" time="14.735" errors="0" timestamp="2023-09-26T21:28:13 GMT-04:00" skipped="0">
  <testcase classname="runner.MyRunner_TestNG" name="runScenario" time="8.724"/>
  <testcase classname="runner.MyRunner_TestNG" name="runScenario" time="6.011"/>
</testsuite> <!-- runner.MyRunner_TestNG -->
